<?xml version="1.0" encoding="UTF-8"?>
<!-- Generated by org.testng.reporters.JUnitReportReporter -->
<testsuite hostname="Kailash" failures="0" tests="5" name="com.VideoGameAPITest.VideoGameAPITest" time="6.380" errors="0" timestamp="2022-01-02T19:54:33 GMT-08:00" skipped="0">
  <testcase classname="com.VideoGameAPITest.VideoGameAPITest" name="getAllVideoGames_Get" time="3.670"/>
  <system-out/>
  <testcase classname="com.VideoGameAPITest.VideoGameAPITest" name="addVideoGame_Post" time="1.012"/>
  <system-out/>
  <testcase classname="com.VideoGameAPITest.VideoGameAPITest" name="getVideoGame_Get" time="1.300"/>
  <system-out/>
  <testcase classname="com.VideoGameAPITest.VideoGameAPITest" name="updateVideoGame_Put" time="0.178"/>
  <system-out/>
  <testcase classname="com.VideoGameAPITest.VideoGameAPITest" name="deleteVideoGame_delete" time="0.220"/>
  <system-out/>
</testsuite> <!-- com.VideoGameAPITest.VideoGameAPITest -->
