<?xml version="1.0" encoding="UTF-8"?>
<!-- Generated by org.testng.reporters.JUnitReportReporter -->
<testsuite hostname="Kailash" failures="0" tests="1" name="com.VideoGameAPITest.VideoGameAPITest" time="3.947" errors="0" timestamp="2022-02-01T14:20:56 GMT-08:00" skipped="0">
  <testcase classname="com.VideoGameAPITest.VideoGameAPITest" name="updateVideoGame_Put" time="3.947"/>
  <system-out/>
</testsuite> <!-- com.VideoGameAPITest.VideoGameAPITest -->
