<?xml version="1.0" encoding="UTF-8"?>
<!-- Generated by org.testng.reporters.JUnitReportReporter -->
<testsuite skipped="0" hostname="Kailash" name="com.VideoGameAPITest.VideoGameAPITest" tests="5" failures="0" timestamp="2022-01-02T20:12:33 PST" time="10.801" errors="0">
  <testcase name="getAllVideoGames_Get" time="6.300" classname="com.VideoGameAPITest.VideoGameAPITest"/>
  <system-out/>
  <testcase name="addVideoGame_Post" time="1.530" classname="com.VideoGameAPITest.VideoGameAPITest"/>
  <system-out/>
  <testcase name="getVideoGame_Get" time="2.638" classname="com.VideoGameAPITest.VideoGameAPITest"/>
  <system-out/>
  <testcase name="updateVideoGame_Put" time="0.254" classname="com.VideoGameAPITest.VideoGameAPITest"/>
  <system-out/>
  <testcase name="deleteVideoGame_delete" time="0.079" classname="com.VideoGameAPITest.VideoGameAPITest"/>
  <system-out/>
</testsuite> <!-- com.VideoGameAPITest.VideoGameAPITest -->
